Name            Stmts   Miss  Cover   Missing
---------------------------------------------
parse.py           19      1    95%   27
test_parse.py      91      0   100%
---------------------------------------------
TOTAL             110      1    99%


Name                   Stmts   Miss  Cover   Missing
----------------------------------------------------
average_time.py           33      2    94%   39, 45
test_average_time.py     126      0   100%
----------------------------------------------------
TOTAL                    159      2    99%
(deep_python_23b_kisssick) MBP-Alina:02 alinakozlova$



