Name                   Stmts   Miss  Cover   Missing
----------------------------------------------------
average_time.py           30      2    93%   40, 46
test_average_time.py      92      0   100%
----------------------------------------------------
TOTAL                    122      2    98%

Name            Stmts   Miss  Cover   Missing
---------------------------------------------
parse.py           20      1    95%   28
test_parse.py      61      0   100%
---------------------------------------------
TOTAL              81      1    99%


