Name                  Stmts   Miss  Cover   Missing
---------------------------------------------------
custom_meta.py           27      0   100%
test_custom_meta.py      35      0   100%
---------------------------------------------------
TOTAL                    62      0   100%


Name                 Stmts   Miss  Cover   Missing
--------------------------------------------------
descriptor.py           51      0   100%
test_descriptor.py      82      0   100%
--------------------------------------------------
TOTAL                  133      0   100%

