Name                Stmts   Miss  Cover   Missing
-------------------------------------------------
generator.py           15      0   100%
test_generator.py      59      0   100%
-------------------------------------------------
TOTAL                  74      0   100%


Name              Stmts   Miss  Cover   Missing
-----------------------------------------------
predict1.py          12      0   100%
test_predict.py      54      0   100%
-----------------------------------------------
TOTAL                66      0   100%

