Name                Stmts   Miss  Cover   Missing
-------------------------------------------------
generator.py           14      0   100%
test_generator.py      41      0   100%
-------------------------------------------------
TOTAL                  55      0   100%


Name              Stmts   Miss  Cover   Missing
-----------------------------------------------
predict1.py          12      0   100%
test_predict.py      54      0   100%
-----------------------------------------------
TOTAL                66      0   100%

